<?xml version="1.0" encoding="UTF-8"?>
<!-- Generated by org.testng.reporters.JUnitXMLReporter -->
<testsuite hostname="VENUG-PC" ignored="0" name="ChromeTest" tests="5" failures="0" timestamp="13 Apr 2020 12:02:23 GMT" time="46.094" errors="0">
  <testcase name="radioTest" time="4.229" classname="com.project.Ecommerce.RadioButton1"/>
  <testcase name="checkboxTest" time="2.184" classname="com.project.Ecommerce.CheckBox1"/>
  <testcase name="amazon" time="2.911" classname="com.project.Ecommerce.TC_002"/>
  <testcase name="f" time="1.947" classname="com.project.Ecommerce.LinksTesting"/>
  <testcase name="f" time="0.001" classname="com.project.Ecommerce.TC_001"/>
</testsuite> <!-- ChromeTest -->
