<?xml version="1.0" encoding="UTF-8"?>
<!-- Generated by org.testng.reporters.JUnitXMLReporter -->
<testsuite hostname="VENUG-PC" ignored="0" name="FirefoxTest" tests="5" failures="0" timestamp="13 Apr 2020 12:01:37 GMT" time="331.25" errors="0">
  <testcase name="radioTest" time="3.798" classname="com.project.Ecommerce.RadioButton1"/>
  <testcase name="checkboxTest" time="0.103" classname="com.project.Ecommerce.CheckBox1"/>
  <testcase name="amazon" time="4.172" classname="com.project.Ecommerce.TC_002"/>
  <testcase name="f" time="3.168" classname="com.project.Ecommerce.LinksTesting"/>
  <testcase name="f" time="0.001" classname="com.project.Ecommerce.TC_001"/>
</testsuite> <!-- FirefoxTest -->
