<?xml version="1.0" encoding="UTF-8"?>
<!-- Generated by org.testng.reporters.JUnitXMLReporter -->
<testsuite hostname="VENUG-PC" ignored="0" name="RegressionTest" tests="5" failures="0" timestamp="13 Apr 2020 11:05:15 GMT" time="52.52" errors="0">
  <testcase name="radioTest" time="5.023" classname="com.project.Ecommerce.RadioButton1"/>
  <testcase name="checkboxTest" time="1.558" classname="com.project.Ecommerce.CheckBox1"/>
  <testcase name="amazon" time="3.302" classname="com.project.Ecommerce.TC_002"/>
  <testcase name="f" time="2.555" classname="com.project.Ecommerce.LinksTesting"/>
  <testcase name="f" time="0.001" classname="com.project.Ecommerce.TC_001"/>
</testsuite> <!-- RegressionTest -->
