<?xml version="1.0" encoding="UTF-8"?>
<!-- Generated by org.testng.reporters.JUnitXMLReporter -->
<testsuite hostname="VENUG-PC" ignored="0" name="Test" tests="1" failures="0" timestamp="06 Jul 2020 12:17:41 GMT" time="0.53" errors="0">
  <testcase name="@BeforeMethod startProcess" time="0.366" classname="com.project.Ecommerce.TC_002">
    <failure type="java.lang.NoClassDefFoundError" message="com/project/Ecommerce/ExtentManager">
      <![CDATA[java.lang.NoClassDefFoundError: com/project/Ecommerce/ExtentManager
at com.project.Ecommerce.Basetest.init(Basetest.java:72)
at com.project.Ecommerce.TC_002.startProcess(TC_002.java:17)
Caused by: java.lang.ClassNotFoundException: com.project.Ecommerce.ExtentManager
at java.net.URLClassLoader.findClass(URLClassLoader.java:381)
at java.lang.ClassLoader.loadClass(ClassLoader.java:424)
at sun.misc.Launcher$AppClassLoader.loadClass(Launcher.java:335)
at java.lang.ClassLoader.loadClass(ClassLoader.java:357)
... 30 more
... Removed 28 stack frames]]>
    </failure>
  </testcase> <!-- @BeforeMethod startProcess -->
  <testcase name="@AfterMethod endProcess" time="0.0" classname="com.project.Ecommerce.TC_002">
    <skipped/>
  </testcase> <!-- @AfterMethod endProcess -->
  <testcase name="amazon" time="0.0" classname="com.project.Ecommerce.TC_002">
    <skipped/>
  </testcase> <!-- amazon -->
</testsuite> <!-- Test -->
