<?xml version="1.0" encoding="UTF-8"?>
<testng-results skipped="0" failed="0" ignored="0" total="1" passed="1">
  <reporter-output>
  </reporter-output>
  <suite name="Suite" duration-ms="22567" started-at="2020-07-07T07:26:15Z" finished-at="2020-07-07T07:26:38Z">
    <groups>
      <group name="regression">
        <method signature="TC_002.amazon()[pri:0, instance:com.project.Ecommerce.TC_002@17550481]" name="amazon" class="com.project.Ecommerce.TC_002"/>
      </group> <!-- regression -->
      <group name="sanity">
        <method signature="TC_002.amazon()[pri:0, instance:com.project.Ecommerce.TC_002@17550481]" name="amazon" class="com.project.Ecommerce.TC_002"/>
      </group> <!-- sanity -->
    </groups>
    <test name="Test" duration-ms="22567" started-at="2020-07-07T07:26:15Z" finished-at="2020-07-07T07:26:38Z">
      <class name="com.project.Ecommerce.TC_002">
        <test-method status="PASS" signature="startProcess(java.lang.String)[pri:0, instance:com.project.Ecommerce.TC_002@17550481]" name="startProcess" is-config="true" duration-ms="12712" started-at="2020-07-07T07:26:16Z" finished-at="2020-07-07T07:26:28Z">
          <params>
            <param index="0">
              <value>
                <![CDATA[chrome]]>
              </value>
            </param>
          </params>
          <reporter-output>
          </reporter-output>
        </test-method> <!-- startProcess -->
        <test-method status="PASS" signature="amazon()[pri:0, instance:com.project.Ecommerce.TC_002@17550481]" name="amazon" duration-ms="7912" started-at="2020-07-07T07:26:28Z" finished-at="2020-07-07T07:26:36Z">
          <reporter-output>
          </reporter-output>
        </test-method> <!-- amazon -->
        <test-method status="PASS" signature="endProcess()[pri:0, instance:com.project.Ecommerce.TC_002@17550481]" name="endProcess" is-config="true" duration-ms="1893" started-at="2020-07-07T07:26:36Z" finished-at="2020-07-07T07:26:38Z">
          <reporter-output>
          </reporter-output>
        </test-method> <!-- endProcess -->
      </class> <!-- com.project.Ecommerce.TC_002 -->
    </test> <!-- Test -->
  </suite> <!-- Suite -->
</testng-results>
